

*******************************************************************************
Sun Jan 15 23:53:13 2017


FIT:    data read from 'task1_data.txt' u 1:2
        format = x:z
        x range restricted to [0.00000 : 6.00000]
        #datapoints = 3
        residuals are weighted equally (unit weight)

function used for fitting: f(x)
	f(x) = a*x**2 + b*x + c
fitted parameters initialized with current variable values

iter      chisq       delta/lim  lambda   a             b             c            
   0 1.9396927540e+03  0.00e+00 1.26e+01  1.000000e+00  1.000000e+00  1.000000e+00
   6 0.0000000000e+00 -inf       1.26e-05  3.722222e-03 -1.178333e-01  1.225000e+00

After 6 iterations the fit converged.
final sum of squares of residuals : 0
abs. change during last iteration : -2.19416e-023


Exactly as many data points as there are parameters.
In this degenerate case, all errors are zero by definition.

Final set of parameters 
======================= 

a               = 0.00372222     
b               = -0.117833      
c               = 1.225          
